<?xml version="1.0" encoding="UTF-8"?>
<!-- Generated by org.testng.reporters.JUnitXMLReporter -->
<testsuite ignored="0" hostname="md2cteqc" failures="0" tests="4" name="Surefire test" time="37.515" errors="0" timestamp="2022-11-09T15:08:27 IST">
  <testcase classname="DEMO.Selenium.TestNGBasics" name="GoogleTitleTest" time="0.017"/>
  <testcase classname="DEMO.Selenium.TestNGBasics" name="GoogleLogoTest" time="0.052"/>
  <testcase classname="DEMO.Selenium.TestNGBasics" name="EnterSearchText" time="0.0"/>
  <testcase classname="DEMO.Selenium.TestNGBasics" name="ClickSearch" time="0.001"/>
</testsuite> <!-- Surefire test -->
