<?xml version="1.0" encoding="UTF-8"?>
<testsuite xmlns:xsi="http://www.w3.org/2001/XMLSchema-instance" xsi:noNamespaceSchemaLocation="https://maven.apache.org/surefire/maven-surefire-plugin/xsd/surefire-test-report.xsd" name="TestSuite" time="37.96" tests="4" errors="0" skipped="0" failures="0">
  <properties>
[...]
</properties>
  <testcase name="GoogleTitleTest" classname="DEMO.Selenium.TestNGBasics" time="0.028"/>
  <testcase name="GoogleLogoTest" classname="DEMO.Selenium.TestNGBasics" time="0.053"/>
  <testcase name="EnterSearchText" classname="DEMO.Selenium.TestNGBasics" time="0"/>
  <testcase name="ClickSearch" classname="DEMO.Selenium.TestNGBasics" time="0"/>
</testsuite>